<testsuites name="jest tests">
  <testsuite name="object test" tests="8" errors="0" failures="0" skipped="0" timestamp="2017-01-24T12:49:15" time="0.155">
    <testcase classname="object test should a table" name="object test should a table" time="11">
    </testcase>
    <testcase classname="object test should process string" name="object test should process string" time="3">
    </testcase>
    <testcase classname="object test should call callback" name="object test should call callback" time="0">
    </testcase>
    <testcase classname="object test should throw error when using dom element which is not a table" name="object test should throw error when using dom element which is not a table" time="1">
    </testcase>
    <testcase classname="array test should a table" name="array test should a table" time="2">
    </testcase>
    <testcase classname="array test should process string" name="array test should process string" time="2">
    </testcase>
    <testcase classname="array test should call callback" name="array test should call callback" time="1">
    </testcase>
    <testcase classname="array test should throw error when using dom element which is not a table" name="array test should throw error when using dom element which is not a table" time="0">
    </testcase>
  </testsuite>
</testsuites>